# JRE version: OpenJDK Runtime Environment Temurin-21.0.6+7 (21.0.6+7) (build 21.0.6+7-LTS)
# Java VM: OpenJDK 64-Bit Server VM Temurin-21.0.6+7 (21.0.6+7-LTS, mixed mode, emulated-client, sharing, tiered, compressed oops, compressed class ptrs, g1 gc, windows-amd64)
GC Precious Log:
 CardTable entry size: 512
 Card Set container configuration: InlinePtr #cards 5 size 8 Array Of Cards #cards 12 size 40 Howl #buckets 4 coarsen threshold 1843 Howl Bitmap #cards 512 size 80 coarsen threshold 460 Card regions per heap region 1 cards per card region 2048
 CPUs: 12 total, 12 available
 Memory: 7521M
 Large Page Support: Disabled
 NUMA Support: Disabled
 Compressed Oops: Enabled (32-bit)
 Heap Region Size: 1M
 Heap Min Capacity: 8M
 Heap Initial Capacity: 118M
 Heap Max Capacity: 1882M
 Pre-touch: Disabled
 Parallel Workers: 10
 Concurrent Workers: 3
 Concurrent Refinement Workers: 10
 Periodic GC: Disabled
Heap:
 garbage-first heap   total 130048K, used 49784K [0x000000008a600000, 0x0000000100000000)
  region size 1024K, 7 young (7168K), 2 survivors (2048K)
 Metaspace       used 90318K, committed 92928K, reserved 1179648K
  class space    used 12932K, committed 13696K, reserved 1048576K
GC Heap History (20 events):
Event: 7700.791 GC heap before
{Heap before GC invocations=264 (full 45):
 garbage-first heap   total 130048K, used 113582K [0x000000008a600000, 0x0000000100000000)
  region size 1024K, 62 young (63488K), 2 survivors (2048K)
 Metaspace       used 91334K, committed 93248K, reserved 1179648K
  class space    used 13069K, committed 13696K, reserved 1048576K
}
Event: 7700.829 GC heap after
{Heap after GC invocations=265 (full 45):
 garbage-first heap   total 130048K, used 52102K [0x000000008a600000, 0x0000000100000000)
  region size 1024K, 2 young (2048K), 2 survivors (2048K)
 Metaspace       used 91334K, committed 93248K, reserved 1179648K
  class space    used 13069K, committed 13696K, reserved 1048576K
}
Event: 7806.327 GC heap before
{Heap before GC invocations=265 (full 45):
 garbage-first heap   total 130048K, used 115590K [0x000000008a600000, 0x0000000100000000)
  region size 1024K, 64 young (65536K), 2 survivors (2048K)
 Metaspace       used 91334K, committed 93248K, reserved 1179648K
  class space    used 13069K, committed 13696K, reserved 1048576K
}
Event: 7806.339 GC heap after
{Heap after GC invocations=266 (full 45):
 garbage-first heap   total 130048K, used 51700K [0x000000008a600000, 0x0000000100000000)
  region size 1024K, 2 young (2048K), 2 survivors (2048K)
 Metaspace       used 91334K, committed 93248K, reserved 1179648K
  class space    used 13069K, committed 13696K, reserved 1048576K
}
Event: 7914.589 GC heap before
{Heap before GC invocations=266 (full 45):
 garbage-first heap   total 130048K, used 117236K [0x000000008a600000, 0x0000000100000000)
  region size 1024K, 66 young (67584K), 2 survivors (2048K)
 Metaspace       used 91334K, committed 93248K, reserved 1179648K
  class space    used 13069K, committed 13696K, reserved 1048576K
}
Event: 7914.616 GC heap after
{Heap after GC invocations=267 (full 45):
 garbage-first heap   total 130048K, used 51602K [0x000000008a600000, 0x0000000100000000)
  region size 1024K, 2 young (2048K), 2 survivors (2048K)
 Metaspace       used 91334K, committed 93248K, reserved 1179648K
  class space    used 13069K, committed 13696K, reserved 1048576K
}
Event: 8024.708 GC heap before
{Heap before GC invocations=268 (full 45):
 garbage-first heap   total 130048K, used 118162K [0x000000008a600000, 0x0000000100000000)
  region size 1024K, 67 young (68608K), 2 survivors (2048K)
 Metaspace       used 90286K, committed 92928K, reserved 1179648K
  class space    used 12927K, committed 13696K, reserved 1048576K
}
Event: 8024.713 GC heap after
{Heap after GC invocations=269 (full 45):
 garbage-first heap   total 130048K, used 51488K [0x000000008a600000, 0x0000000100000000)
  region size 1024K, 2 young (2048K), 2 survivors (2048K)
 Metaspace       used 90286K, committed 92928K, reserved 1179648K
  class space    used 12927K, committed 13696K, reserved 1048576K
}
Event: 8134.002 GC heap before
{Heap before GC invocations=269 (full 45):
 garbage-first heap   total 130048K, used 118048K [0x000000008a600000, 0x0000000100000000)
  region size 1024K, 67 young (68608K), 2 survivors (2048K)
 Metaspace       used 90296K, committed 92928K, reserved 1179648K
  class space    used 12929K, committed 13696K, reserved 1048576K
}
Event: 8134.009 GC heap after
{Heap after GC invocations=270 (full 45):
 garbage-first heap   total 130048K, used 47328K [0x000000008a600000, 0x0000000100000000)
  region size 1024K, 2 young (2048K), 2 survivors (2048K)
 Metaspace       used 90296K, committed 92928K, reserved 1179648K
  class space    used 12929K, committed 13696K, reserved 1048576K
}
Event: 8252.084 GC heap before
{Heap before GC invocations=270 (full 45):
 garbage-first heap   total 130048K, used 119008K [0x000000008a600000, 0x0000000100000000)
  region size 1024K, 72 young (73728K), 2 survivors (2048K)
 Metaspace       used 90296K, committed 92928K, reserved 1179648K
  class space    used 12929K, committed 13696K, reserved 1048576K
}
Event: 8252.134 GC heap after
{Heap after GC invocations=271 (full 45):
 garbage-first heap   total 130048K, used 47375K [0x000000008a600000, 0x0000000100000000)
  region size 1024K, 2 young (2048K), 2 survivors (2048K)
 Metaspace       used 90296K, committed 92928K, reserved 1179648K
  class space    used 12929K, committed 13696K, reserved 1048576K
}
Event: 8369.875 GC heap before
{Heap before GC invocations=272 (full 45):
 garbage-first heap   total 130048K, used 119055K [0x000000008a600000, 0x0000000100000000)
  region size 1024K, 72 young (73728K), 2 survivors (2048K)
 Metaspace       used 90296K, committed 92928K, reserved 1179648K
  class space    used 12929K, committed 13696K, reserved 1048576K
}
Event: 8369.916 GC heap after
{Heap after GC invocations=273 (full 45):
 garbage-first heap   total 130048K, used 47294K [0x000000008a600000, 0x0000000100000000)
  region size 1024K, 2 young (2048K), 2 survivors (2048K)
 Metaspace       used 90296K, committed 92928K, reserved 1179648K
  class space    used 12929K, committed 13696K, reserved 1048576K
}
Event: 8487.884 GC heap before
{Heap before GC invocations=273 (full 45):
 garbage-first heap   total 130048K, used 118974K [0x000000008a600000, 0x0000000100000000)
  region size 1024K, 72 young (73728K), 2 survivors (2048K)
 Metaspace       used 90306K, committed 92928K, reserved 1179648K
  class space    used 12930K, committed 13696K, reserved 1048576K
}
Event: 8487.925 GC heap after
{Heap after GC invocations=274 (full 45):
 garbage-first heap   total 130048K, used 45739K [0x000000008a600000, 0x0000000100000000)
  region size 1024K, 2 young (2048K), 2 survivors (2048K)
 Metaspace       used 90306K, committed 92928K, reserved 1179648K
  class space    used 12930K, committed 13696K, reserved 1048576K
}
Event: 8610.256 GC heap before
{Heap before GC invocations=274 (full 45):
 garbage-first heap   total 130048K, used 119467K [0x000000008a600000, 0x0000000100000000)
  region size 1024K, 74 young (75776K), 2 survivors (2048K)
 Metaspace       used 90306K, committed 92928K, reserved 1179648K
  class space    used 12930K, committed 13696K, reserved 1048576K
}
Event: 8610.285 GC heap after
{Heap after GC invocations=275 (full 45):
 garbage-first heap   total 130048K, used 45666K [0x000000008a600000, 0x0000000100000000)
  region size 1024K, 2 young (2048K), 2 survivors (2048K)
 Metaspace       used 90306K, committed 92928K, reserved 1179648K
  class space    used 12930K, committed 13696K, reserved 1048576K
}
Event: 8732.722 GC heap before
{Heap before GC invocations=276 (full 45):
 garbage-first heap   total 130048K, used 119394K [0x000000008a600000, 0x0000000100000000)
  region size 1024K, 74 young (75776K), 2 survivors (2048K)
 Metaspace       used 90318K, committed 92928K, reserved 1179648K
  class space    used 12932K, committed 13696K, reserved 1048576K
}
Event: 8732.781 GC heap after
{Heap after GC invocations=277 (full 45):
 garbage-first heap   total 130048K, used 45688K [0x000000008a600000, 0x0000000100000000)
  region size 1024K, 2 young (2048K), 2 survivors (2048K)
 Metaspace       used 90318K, committed 92928K, reserved 1179648K
  class space    used 12932K, committed 13696K, reserved 1048576K
}

