# JRE version: OpenJDK Runtime Environment Temurin-21.0.6+7 (21.0.6+7) (build 21.0.6+7-LTS)
# Java VM: OpenJDK 64-Bit Server VM Temurin-21.0.6+7 (21.0.6+7-LTS, mixed mode, emulated-client, sharing, tiered, compressed oops, compressed class ptrs, g1 gc, windows-amd64)
GC Precious Log:
 CardTable entry size: 512
 Card Set container configuration: InlinePtr #cards 4 size 8 Array Of Cards #cards 16 size 48 Howl #buckets 8 coarsen threshold 3686 Howl Bitmap #cards 512 size 80 coarsen threshold 460 Card regions per heap region 1 cards per card region 4096
 CPUs: 12 total, 12 available
 Memory: 16067M
 Large Page Support: Disabled
 NUMA Support: Disabled
 Compressed Oops: Enabled (Zero based)
 Heap Region Size: 2M
 Heap Min Capacity: 8M
 Heap Initial Capacity: 252M
 Heap Max Capacity: 4018M
 Pre-touch: Disabled
 Parallel Workers: 10
 Concurrent Workers: 3
 Concurrent Refinement Workers: 10
 Periodic GC: Disabled
Heap:
 garbage-first heap   total 151552K, used 124242K [0x0000000704e00000, 0x0000000800000000)
  region size 2048K, 36 young (73728K), 1 survivors (2048K)
 Metaspace       used 94303K, committed 99840K, reserved 1179648K
  class space    used 13347K, committed 14976K, reserved 1048576K
GC Heap History (20 events):
Event: 8136.120 GC heap after
{Heap after GC invocations=137 (full 16):
 garbage-first heap   total 206848K, used 115951K [0x0000000704e00000, 0x0000000800000000)
  region size 2048K, 2 young (4096K), 2 survivors (4096K)
 Metaspace       used 105293K, committed 106624K, reserved 1179648K
  class space    used 14542K, committed 15168K, reserved 1048576K
}
Event: 8184.347 GC heap before
{Heap before GC invocations=137 (full 16):
 garbage-first heap   total 206848K, used 187631K [0x0000000704e00000, 0x0000000800000000)
  region size 2048K, 37 young (75776K), 2 survivors (4096K)
 Metaspace       used 105314K, committed 106624K, reserved 1179648K
  class space    used 14547K, committed 15168K, reserved 1048576K
}
Event: 8184.352 GC heap after
{Heap after GC invocations=138 (full 16):
 garbage-first heap   total 206848K, used 113755K [0x0000000704e00000, 0x0000000800000000)
  region size 2048K, 2 young (4096K), 2 survivors (4096K)
 Metaspace       used 105314K, committed 106624K, reserved 1179648K
  class space    used 14547K, committed 15168K, reserved 1048576K
}
Event: 8236.789 GC heap before
{Heap before GC invocations=138 (full 16):
 garbage-first heap   total 206848K, used 189531K [0x0000000704e00000, 0x0000000800000000)
  region size 2048K, 39 young (79872K), 2 survivors (4096K)
 Metaspace       used 105314K, committed 106624K, reserved 1179648K
  class space    used 14547K, committed 15168K, reserved 1048576K
}
Event: 8236.795 GC heap after
{Heap after GC invocations=139 (full 16):
 garbage-first heap   total 206848K, used 113295K [0x0000000704e00000, 0x0000000800000000)
  region size 2048K, 2 young (4096K), 2 survivors (4096K)
 Metaspace       used 105314K, committed 106624K, reserved 1179648K
  class space    used 14547K, committed 15168K, reserved 1048576K
}
Event: 8289.005 GC heap before
{Heap before GC invocations=140 (full 16):
 garbage-first heap   total 206848K, used 189071K [0x0000000704e00000, 0x0000000800000000)
  region size 2048K, 39 young (79872K), 2 survivors (4096K)
 Metaspace       used 98058K, committed 103680K, reserved 1179648K
  class space    used 13839K, committed 15104K, reserved 1048576K
}
Event: 8289.007 GC heap after
{Heap after GC invocations=141 (full 16):
 garbage-first heap   total 206848K, used 112074K [0x0000000704e00000, 0x0000000800000000)
  region size 2048K, 1 young (2048K), 1 survivors (2048K)
 Metaspace       used 98058K, committed 103680K, reserved 1179648K
  class space    used 13839K, committed 15104K, reserved 1048576K
}
Event: 8336.469 GC heap before
{Heap before GC invocations=141 (full 16):
 garbage-first heap   total 206848K, used 181706K [0x0000000704e00000, 0x0000000800000000)
  region size 2048K, 36 young (73728K), 1 survivors (2048K)
 Metaspace       used 98075K, committed 103680K, reserved 1179648K
  class space    used 13842K, committed 15104K, reserved 1048576K
}
Event: 8336.540 GC heap after
{Heap after GC invocations=142 (full 17):
 garbage-first heap   total 151552K, used 38595K [0x0000000704e00000, 0x0000000800000000)
  region size 2048K, 0 young (0K), 0 survivors (0K)
 Metaspace       used 94603K, committed 100736K, reserved 1179648K
  class space    used 13396K, committed 14976K, reserved 1048576K
}
Event: 8337.113 GC heap before
{Heap before GC invocations=142 (full 17):
 garbage-first heap   total 151552K, used 128707K [0x0000000704e00000, 0x0000000800000000)
  region size 2048K, 44 young (90112K), 0 survivors (0K)
 Metaspace       used 95113K, committed 100736K, reserved 1179648K
  class space    used 13485K, committed 14976K, reserved 1048576K
}
Event: 8337.119 GC heap after
{Heap after GC invocations=143 (full 17):
 garbage-first heap   total 151552K, used 48021K [0x0000000704e00000, 0x0000000800000000)
  region size 2048K, 5 young (10240K), 5 survivors (10240K)
 Metaspace       used 95113K, committed 100736K, reserved 1179648K
  class space    used 13485K, committed 14976K, reserved 1048576K
}
Event: 8337.607 GC heap before
{Heap before GC invocations=144 (full 17):
 garbage-first heap   total 151552K, used 123797K [0x0000000704e00000, 0x0000000800000000)
  region size 2048K, 42 young (86016K), 5 survivors (10240K)
 Metaspace       used 96170K, committed 100736K, reserved 1179648K
  class space    used 13604K, committed 14976K, reserved 1048576K
}
Event: 8337.613 GC heap after
{Heap after GC invocations=145 (full 17):
 garbage-first heap   total 151552K, used 54461K [0x0000000704e00000, 0x0000000800000000)
  region size 2048K, 4 young (8192K), 4 survivors (8192K)
 Metaspace       used 96170K, committed 100736K, reserved 1179648K
  class space    used 13604K, committed 14976K, reserved 1048576K
}
Event: 8379.272 GC heap before
{Heap before GC invocations=145 (full 17):
 garbage-first heap   total 151552K, used 124093K [0x0000000704e00000, 0x0000000800000000)
  region size 2048K, 38 young (77824K), 4 survivors (8192K)
 Metaspace       used 96262K, committed 100736K, reserved 1179648K
  class space    used 13617K, committed 14976K, reserved 1048576K
}
Event: 8379.277 GC heap after
{Heap after GC invocations=146 (full 17):
 garbage-first heap   total 151552K, used 55197K [0x0000000704e00000, 0x0000000800000000)
  region size 2048K, 1 young (2048K), 1 survivors (2048K)
 Metaspace       used 96262K, committed 100736K, reserved 1179648K
  class space    used 13617K, committed 14976K, reserved 1048576K
}
Event: 8431.622 GC heap before
{Heap before GC invocations=146 (full 17):
 garbage-first heap   total 151552K, used 130973K [0x0000000704e00000, 0x0000000800000000)
  region size 2048K, 38 young (77824K), 1 survivors (2048K)
 Metaspace       used 96262K, committed 100736K, reserved 1179648K
  class space    used 13617K, committed 14976K, reserved 1048576K
}
Event: 8431.625 GC heap after
{Heap after GC invocations=147 (full 17):
 garbage-first heap   total 151552K, used 55047K [0x0000000704e00000, 0x0000000800000000)
  region size 2048K, 1 young (2048K), 1 survivors (2048K)
 Metaspace       used 96262K, committed 100736K, reserved 1179648K
  class space    used 13617K, committed 14976K, reserved 1048576K
}
Event: 8485.000 GC heap before
{Heap before GC invocations=148 (full 17):
 garbage-first heap   total 151552K, used 132871K [0x0000000704e00000, 0x0000000800000000)
  region size 2048K, 39 young (79872K), 1 survivors (2048K)
 Metaspace       used 94293K, committed 99840K, reserved 1179648K
  class space    used 13345K, committed 14976K, reserved 1048576K
}
Event: 8485.003 GC heap after
{Heap after GC invocations=149 (full 17):
 garbage-first heap   total 151552K, used 54610K [0x0000000704e00000, 0x0000000800000000)
  region size 2048K, 1 young (2048K), 1 survivors (2048K)
 Metaspace       used 94293K, committed 99840K, reserved 1179648K
  class space    used 13345K, committed 14976K, reserved 1048576K
}
Event: 8531.418 GC heap before
{Heap before GC invocations=149 (full 17):
 garbage-first heap   total 151552K, used 124242K [0x0000000704e00000, 0x0000000800000000)
  region size 2048K, 36 young (73728K), 1 survivors (2048K)
 Metaspace       used 94303K, committed 99840K, reserved 1179648K
  class space    used 13347K, committed 14976K, reserved 1048576K
}

