# JRE version: OpenJDK Runtime Environment Temurin-21.0.6+7 (21.0.6+7) (build 21.0.6+7-LTS)
# Java VM: OpenJDK 64-Bit Server VM Temurin-21.0.6+7 (21.0.6+7-LTS, mixed mode, emulated-client, sharing, tiered, compressed oops, compressed class ptrs, g1 gc, windows-amd64)
GC Precious Log:
 CardTable entry size: 512
 Card Set container configuration: InlinePtr #cards 4 size 8 Array Of Cards #cards 16 size 48 Howl #buckets 8 coarsen threshold 3686 Howl Bitmap #cards 512 size 80 coarsen threshold 460 Card regions per heap region 1 cards per card region 4096
 CPUs: 12 total, 12 available
 Memory: 16067M
 Large Page Support: Disabled
 NUMA Support: Disabled
 Compressed Oops: Enabled (Zero based)
 Heap Region Size: 2M
 Heap Min Capacity: 8M
 Heap Initial Capacity: 252M
 Heap Max Capacity: 4018M
 Pre-touch: Disabled
 Parallel Workers: 10
 Concurrent Workers: 3
 Concurrent Refinement Workers: 10
 Periodic GC: Disabled
Heap:
 garbage-first heap   total 151552K, used 41584K [0x0000000704e00000, 0x0000000800000000)
  region size 2048K, 1 young (2048K), 1 survivors (2048K)
 Metaspace       used 82436K, committed 83904K, reserved 1179648K
  class space    used 11936K, committed 12544K, reserved 1048576K
GC Heap History (20 events):
Event: 1937.975 GC heap after
{Heap after GC invocations=48 (full 2):
 garbage-first heap   total 143360K, used 37200K [0x0000000704e00000, 0x0000000800000000)
  region size 2048K, 1 young (2048K), 1 survivors (2048K)
 Metaspace       used 82811K, committed 83648K, reserved 1179648K
  class space    used 12009K, committed 12352K, reserved 1048576K
}
Event: 1938.698 GC heap before
{Heap before GC invocations=48 (full 2):
 garbage-first heap   total 143360K, used 119120K [0x0000000704e00000, 0x0000000800000000)
  region size 2048K, 42 young (86016K), 1 survivors (2048K)
 Metaspace       used 83113K, committed 84032K, reserved 1179648K
  class space    used 12079K, committed 12416K, reserved 1048576K
}
Event: 1938.705 GC heap after
{Heap after GC invocations=49 (full 2):
 garbage-first heap   total 143360K, used 45685K [0x0000000704e00000, 0x0000000800000000)
  region size 2048K, 5 young (10240K), 5 survivors (10240K)
 Metaspace       used 83113K, committed 84032K, reserved 1179648K
  class space    used 12079K, committed 12416K, reserved 1048576K
}
Event: 1940.363 GC heap before
{Heap before GC invocations=49 (full 2):
 garbage-first heap   total 143360K, used 76405K [0x0000000704e00000, 0x0000000800000000)
  region size 2048K, 21 young (43008K), 5 survivors (10240K)
 Metaspace       used 83392K, committed 84416K, reserved 1179648K
  class space    used 12128K, committed 12544K, reserved 1048576K
}
Event: 1940.406 GC heap after
{Heap after GC invocations=50 (full 3):
 garbage-first heap   total 143360K, used 36443K [0x0000000704e00000, 0x0000000800000000)
  region size 2048K, 0 young (0K), 0 survivors (0K)
 Metaspace       used 82218K, committed 83712K, reserved 1179648K
  class space    used 11921K, committed 12544K, reserved 1048576K
}
Event: 1941.120 GC heap before
{Heap before GC invocations=50 (full 3):
 garbage-first heap   total 143360K, used 120411K [0x0000000704e00000, 0x0000000800000000)
  region size 2048K, 42 young (86016K), 0 survivors (0K)
 Metaspace       used 82254K, committed 83712K, reserved 1179648K
  class space    used 11925K, committed 12544K, reserved 1048576K
}
Event: 1941.125 GC heap after
{Heap after GC invocations=51 (full 3):
 garbage-first heap   total 143360K, used 43914K [0x0000000704e00000, 0x0000000800000000)
  region size 2048K, 4 young (8192K), 4 survivors (8192K)
 Metaspace       used 82254K, committed 83712K, reserved 1179648K
  class space    used 11925K, committed 12544K, reserved 1048576K
}
Event: 1944.724 GC heap before
{Heap before GC invocations=52 (full 3):
 garbage-first heap   total 143360K, used 62346K [0x0000000704e00000, 0x0000000800000000)
  region size 2048K, 14 young (28672K), 4 survivors (8192K)
 Metaspace       used 82333K, committed 83712K, reserved 1179648K
  class space    used 11930K, committed 12544K, reserved 1048576K
}
Event: 1944.779 GC heap after
{Heap after GC invocations=53 (full 4):
 garbage-first heap   total 143360K, used 40447K [0x0000000704e00000, 0x0000000800000000)
  region size 2048K, 0 young (0K), 0 survivors (0K)
 Metaspace       used 82333K, committed 83712K, reserved 1179648K
  class space    used 11930K, committed 12544K, reserved 1048576K
}
Event: 1993.291 GC heap before
{Heap before GC invocations=53 (full 4):
 garbage-first heap   total 143360K, used 120319K [0x0000000704e00000, 0x0000000800000000)
  region size 2048K, 40 young (81920K), 0 survivors (0K)
 Metaspace       used 82447K, committed 83776K, reserved 1179648K
  class space    used 11946K, committed 12544K, reserved 1048576K
}
Event: 1993.295 GC heap after
{Heap after GC invocations=54 (full 4):
 garbage-first heap   total 143360K, used 41495K [0x0000000704e00000, 0x0000000800000000)
  region size 2048K, 1 young (2048K), 1 survivors (2048K)
 Metaspace       used 82447K, committed 83776K, reserved 1179648K
  class space    used 11946K, committed 12544K, reserved 1048576K
}
Event: 2004.789 GC heap before
{Heap before GC invocations=55 (full 4):
 garbage-first heap   total 143360K, used 121367K [0x0000000704e00000, 0x0000000800000000)
  region size 2048K, 41 young (83968K), 1 survivors (2048K)
 Metaspace       used 82522K, committed 83776K, reserved 1179648K
  class space    used 11963K, committed 12544K, reserved 1048576K
}
Event: 2004.797 GC heap after
{Heap after GC invocations=56 (full 4):
 garbage-first heap   total 143360K, used 47037K [0x0000000704e00000, 0x0000000800000000)
  region size 2048K, 4 young (8192K), 4 survivors (8192K)
 Metaspace       used 82522K, committed 83776K, reserved 1179648K
  class space    used 11963K, committed 12544K, reserved 1048576K
}
Event: 2040.917 GC heap before
{Heap before GC invocations=56 (full 4):
 garbage-first heap   total 143360K, used 118717K [0x0000000704e00000, 0x0000000800000000)
  region size 2048K, 39 young (79872K), 4 survivors (8192K)
 Metaspace       used 82633K, committed 83840K, reserved 1179648K
  class space    used 11979K, committed 12544K, reserved 1048576K
}
Event: 2040.928 GC heap after
{Heap after GC invocations=57 (full 4):
 garbage-first heap   total 143360K, used 45917K [0x0000000704e00000, 0x0000000800000000)
  region size 2048K, 1 young (2048K), 1 survivors (2048K)
 Metaspace       used 82633K, committed 83840K, reserved 1179648K
  class space    used 11979K, committed 12544K, reserved 1048576K
}
Event: 2051.619 GC heap before
{Heap before GC invocations=57 (full 4):
 garbage-first heap   total 143360K, used 123741K [0x0000000704e00000, 0x0000000800000000)
  region size 2048K, 40 young (81920K), 1 survivors (2048K)
 Metaspace       used 82669K, committed 83840K, reserved 1179648K
  class space    used 11983K, committed 12544K, reserved 1048576K
}
Event: 2051.624 GC heap after
{Heap after GC invocations=58 (full 4):
 garbage-first heap   total 143360K, used 50995K [0x0000000704e00000, 0x0000000800000000)
  region size 2048K, 3 young (6144K), 3 survivors (6144K)
 Metaspace       used 82669K, committed 83840K, reserved 1179648K
  class space    used 11983K, committed 12544K, reserved 1048576K
}
Event: 2054.757 GC heap before
{Heap before GC invocations=59 (full 4):
 garbage-first heap   total 143360K, used 87859K [0x0000000704e00000, 0x0000000800000000)
  region size 2048K, 22 young (45056K), 3 survivors (6144K)
 Metaspace       used 82541K, committed 83904K, reserved 1179648K
  class space    used 11933K, committed 12544K, reserved 1048576K
}
Event: 2054.808 GC heap after
{Heap after GC invocations=60 (full 5):
 garbage-first heap   total 143360K, used 40703K [0x0000000704e00000, 0x0000000800000000)
  region size 2048K, 0 young (0K), 0 survivors (0K)
 Metaspace       used 82324K, committed 83904K, reserved 1179648K
  class space    used 11921K, committed 12544K, reserved 1048576K
}
Event: 2093.064 GC heap before
{Heap before GC invocations=60 (full 5):
 garbage-first heap   total 143360K, used 124671K [0x0000000704e00000, 0x0000000800000000)
  region size 2048K, 41 young (83968K), 0 survivors (0K)
 Metaspace       used 82436K, committed 83904K, reserved 1179648K
  class space    used 11936K, committed 12544K, reserved 1048576K
}

